cir> cirr tests.err/ok01.aag -replace

cir> cirp -n

[0] PI  1 (x)
[1] PI  2 (y)
[2] AIG 6 1 2
[3] AIG 7 !1 !2
[4] AIG 3 !6 !7
[5] PO  8 3 (s)
[6] PO  9 6 (c)
[7] CONST0
[8] PO  10 !0

cir> cirr tests.err/ok02.aag -replace
Note: original circuit is replaced...

cir> cirp -n

[0] PI  1 (x)
[1] PI  2 (y)
[2] AIG 6 1 2
[3] AIG 9 !1 !2
[4] AIG 3 !6 !9
[5] PO  10 3 (s)
[6] PO  11 6 (c)

cir> cirr tests.err/ok03.aag -replace
Note: original circuit is replaced...

cir> cirp -n

[0] PI  6 (x)
[1] PI  2 (y)
[2] AIG 1 6 2
[3] AIG 7 !6 !2
[4] AIG 3 !1 !7
[5] PO  8 3 (s)
[6] PO  9 6 (c)

cir> cirr tests.err/ok04.aag -replace
Note: original circuit is replaced...

cir> cirp -n

[0] PI  1 (x)
[1] PI  2 (y)
[2] AIG 6 1 2
[3] AIG 7 !1 !2
[4] AIG 3 !6 !7
[5] PO  8 3 (s)
[6] PO  9 6 (c)
[7] PO  10 !2

cir> cirr tests.err/ok05.aag -replace
Note: original circuit is replaced...

cir> cirp -n

[0] PI  1 ( x)
[1] PI  2 (y)
[2] AIG 6 1 2
[3] AIG 7 !1 !2
[4] AIG 3 !6 !7
[5] PO  8 3 (s)
[6] PO  9 6 (c)

cir> cirr tests.err/ok06.aag -replace
Note: original circuit is replaced...

cir> cirp -n

[0] PI  1 (x haha)
[1] PI  2 (y)
[2] AIG 6 1 2
[3] AIG 7 !1 !2
[4] AIG 3 !6 !7
[5] PO  8 3 (s)
[6] PO  9 6 (c)

cir> cirr tests.err/ok07.aag -replace
Note: original circuit is replaced...

cir> cirp -n

[0] PI  1 (x)
[1] PI  2 (y)
[2] AIG 6 1 2
[3] AIG 7 !1 !2
[4] AIG 3 !6 !7
[5] PO  8 3 (s)
[6] PO  9 6 (c)

cir> cirr tests.err/ok08.aag -replace
Note: original circuit is replaced...

cir> cirp -n

[0] PI  1 (x)
[1] PI  2 (y)
[2] AIG 6 1 2
[3] AIG 7 !1 !2
[4] AIG 3 !6 !7
[5] PO  8 3 (s)
[6] PO  9 6 (c)

cir> cirr tests.err/ok09.aag -replace
Note: original circuit is replaced...

cir> cirp -n

[0] PI  1 (x)
[1] PI  2
[2] AIG 6 1 2
[3] AIG 7 !1 !2
[4] AIG 3 !6 !7
[5] PO  8 3 (s)
[6] PO  9 6 (c)

cir> cirr tests.err/ok10.aag -replace
Note: original circuit is replaced...

cir> cirp -n

[0] PI  1 (x)
[1] PI  2 (y)
[2] AIG 6 1 2
[3] AIG 7 !1 !2
[4] AIG 3 !6 !7
[5] PO  8 3 (s)
[6] PO  9 6 (c)

cir> cirr tests.err/ok11.aag -replace
Note: original circuit is replaced...

cir> cirp -n

[0] CONST0
[1] PO  4 0
[2] PI  1
[3] PI  2
[4] AIG 3 1 2
[5] PO  5 3

cir> cirr tests.err/good.aag -replace
Note: original circuit is replaced...

cir> cirp -n

[0] PI  1 (x)
[1] PI  2 (y)
[2] AIG 6 1 2
[3] AIG 7 !1 !2
[4] AIG 3 !6 !7
[5] PO  8 3 (s)
[6] PO  9 6 (c)

cir> usage
Period time used : 0.01 seconds
Total time used  : 0.01 seconds
Total memory used: 0.4375 M Bytes

cir> q -f

